<?xml version="1.0" encoding="UTF-8"?>
<testng-results skipped="0" failed="0" ignored="0" total="1" passed="1">
  <reporter-output>
  </reporter-output>
  <suite name="Default suite" duration-ms="7887" started-at="2021-01-15T15:33:38 IST" finished-at="2021-01-15T15:33:46 IST">
    <groups>
    </groups>
    <test name="Default test" duration-ms="7887" started-at="2021-01-15T15:33:38 IST" finished-at="2021-01-15T15:33:46 IST">
      <class name="com.acheive.pages.OurPartner">
        <test-method status="PASS" signature="automateOurPartner()[pri:0, instance:com.acheive.pages.OurPartner@196a42c3]" name="automateOurPartner" duration-ms="7804" started-at="2021-01-15T15:33:38 IST" finished-at="2021-01-15T15:33:46 IST">
          <reporter-output>
          </reporter-output>
        </test-method> <!-- automateOurPartner -->
        <test-method status="PASS" signature="tearDown()[pri:0, instance:com.acheive.pages.OurPartner@196a42c3]" name="tearDown" is-config="true" duration-ms="744" started-at="2021-01-15T15:33:46 IST" finished-at="2021-01-15T15:33:47 IST">
          <reporter-output>
          </reporter-output>
        </test-method> <!-- tearDown -->
      </class> <!-- com.acheive.pages.OurPartner -->
    </test> <!-- Default test -->
  </suite> <!-- Default suite -->
</testng-results>
